<?xml version="1.0" encoding="UTF-8"?>
<!-- Generated by org.testng.reporters.JUnitReportReporter -->
<testsuite hostname="Puneets-MBP-470a" failures="0" tests="1" name="filter.Verify_if_user_able_to_filter_specific_attribute_value_from_pie_chart" time="19.461" errors="0" timestamp="03 Oct 2019 20:44:25 GMT" skipped="0">
  <testcase classname="filter.Verify_if_user_able_to_filter_specific_attribute_value_from_pie_chart" name="verify_if_country_filter_is_applied" time="19.461"/>
</testsuite> <!-- filter.Verify_if_user_able_to_filter_specific_attribute_value_from_pie_chart -->
