<?xml version="1.0" encoding="UTF-8"?>
<!-- Generated by org.testng.reporters.JUnitReportReporter -->
<testsuite hostname="Puneets-MBP-470a" failures="0" tests="1" name="filter.Verify_If_Selected_Filter_Is_Applied" time="15.834" errors="0" timestamp="10 Oct 2019 09:41:07 GMT" skipped="0">
  <testcase classname="filter.Verify_If_Selected_Filter_Is_Applied" name="verify_if_country_filter_is_applied" time="15.834"/>
</testsuite> <!-- filter.Verify_If_Selected_Filter_Is_Applied -->
