<?xml version="1.0" encoding="UTF-8"?>
<!-- Generated by org.testng.reporters.JUnitReportReporter -->
<testsuite hostname="Puneets-MBP-470a" failures="0" tests="1" name="filter.Verify_if_user_able_to_filter_specific_attribute_value_from_pie_chart" time="48.948" errors="0" timestamp="04 Oct 2019 06:06:30 GMT" skipped="0">
  <testcase classname="filter.Verify_if_user_able_to_filter_specific_attribute_value_from_pie_chart" name="verify_if_country_filter_is_applied" time="48.948"/>
</testsuite> <!-- filter.Verify_if_user_able_to_filter_specific_attribute_value_from_pie_chart -->
