<?xml version="1.0" encoding="UTF-8"?>
<!-- Generated by org.testng.reporters.JUnitReportReporter -->
<testsuite hostname="Puneets-MBP-470a" failures="0" tests="1" name="filter.Verify_If_Selected_Filter_Is_Applied" time="18.735" errors="0" timestamp="03 Oct 2019 20:44:25 GMT" skipped="0">
  <testcase classname="filter.Verify_If_Selected_Filter_Is_Applied" name="verify_if_country_filter_is_applied" time="18.735"/>
</testsuite> <!-- filter.Verify_If_Selected_Filter_Is_Applied -->
