<?xml version="1.0" encoding="UTF-8"?>
<!-- Generated by org.testng.reporters.JUnitReportReporter -->
<testsuite hostname="Puneets-MBP-470a" failures="1" tests="4" name="login.Verify_Login_Scenario" time="35.486" errors="0" timestamp="10 Oct 2019 09:41:07 GMT" skipped="0">
  <testcase classname="login.Verify_Login_Scenario" name="verify_if_user_get_the_error_message_with_invalid_username" time="5.359"/>
  <testcase classname="login.Verify_Login_Scenario" name="verify_if_user_get_the_error_message_with_invalid_caseSensative_password" time="1.803"/>
  <testcase classname="login.Verify_Login_Scenario" name="verify_if_user_able_to_login_with_CaseSensativeEmail" time="21.606">
    <failure message="The following asserts failed:
	HomePage Url  not matching for testdata username=PUNITJUYAL901@GMAIL.COMand password=Test@123456 expected [https://magellanic.lanalabs.com/model] but found [https://lana-labs.auth.eu-central-1.amazoncognito.com/login?response_type=code&amp;client_id=2961stifta255ivnm3cpngsdac&amp;redirect_uri=https://magellanic.lanalabs.com/aws]" type="java.lang.AssertionError">
      <![CDATA[java.lang.AssertionError: The following asserts failed:
HomePage Url  not matching for testdata username=PUNITJUYAL901@GMAIL.COMand password=Test@123456 expected [https://magellanic.lanalabs.com/model] but found [https://lana-labs.auth.eu-central-1.amazoncognito.com/login?response_type=code&client_id=2961stifta255ivnm3cpngsdac&redirect_uri=https://magellanic.lanalabs.com/aws]
at org.testng.asserts.SoftAssert.assertAll(SoftAssert.java:43)
at com.framework.helper.AssertionHelper.softAssertToCompareString(AssertionHelper.java:67)
at login.Verify_Login_Scenario.verify_if_user_able_to_login_with_CaseSensativeEmail(Verify_Login_Scenario.java:46)
at java.base/jdk.internal.reflect.NativeMethodAccessorImpl.invoke0(Native Method)
at java.base/jdk.internal.reflect.NativeMethodAccessorImpl.invoke(NativeMethodAccessorImpl.java:62)
at java.base/jdk.internal.reflect.DelegatingMethodAccessorImpl.invoke(DelegatingMethodAccessorImpl.java:43)
at java.base/java.lang.reflect.Method.invoke(Method.java:566)
at org.testng.internal.MethodInvocationHelper.invokeMethod(MethodInvocationHelper.java:124)
at org.testng.internal.Invoker.invokeMethod(Invoker.java:583)
at org.testng.internal.Invoker.invokeTestMethod(Invoker.java:719)
at org.testng.internal.Invoker.invokeTestMethods(Invoker.java:989)
at org.testng.internal.TestMethodWorker.invokeTestMethods(TestMethodWorker.java:125)
at org.testng.internal.TestMethodWorker.run(TestMethodWorker.java:109)
at org.testng.TestRunner.privateRun(TestRunner.java:648)
at org.testng.TestRunner.run(TestRunner.java:505)
at org.testng.SuiteRunner.runTest(SuiteRunner.java:455)
at org.testng.SuiteRunner.runSequentially(SuiteRunner.java:450)
at org.testng.SuiteRunner.privateRun(SuiteRunner.java:415)
at org.testng.SuiteRunner.run(SuiteRunner.java:364)
at org.testng.SuiteRunnerWorker.runSuite(SuiteRunnerWorker.java:52)
at org.testng.SuiteRunnerWorker.run(SuiteRunnerWorker.java:84)
at org.testng.TestNG.runSuitesSequentially(TestNG.java:1208)
at org.testng.TestNG.runSuitesLocally(TestNG.java:1137)
at org.testng.TestNG.runSuites(TestNG.java:1049)
at org.testng.TestNG.run(TestNG.java:1017)
at org.apache.maven.surefire.testng.TestNGExecutor.run(TestNGExecutor.java:283)
at org.apache.maven.surefire.testng.TestNGXmlTestSuite.execute(TestNGXmlTestSuite.java:75)
at org.apache.maven.surefire.testng.TestNGProvider.invoke(TestNGProvider.java:120)
at org.apache.maven.surefire.booter.ForkedBooter.invokeProviderInSameClassLoader(ForkedBooter.java:384)
at org.apache.maven.surefire.booter.ForkedBooter.runSuitesInProcess(ForkedBooter.java:345)
at org.apache.maven.surefire.booter.ForkedBooter.execute(ForkedBooter.java:126)
at org.apache.maven.surefire.booter.ForkedBooter.main(ForkedBooter.java:418)
]]>
    </failure>
  </testcase> <!-- verify_if_user_able_to_login_with_CaseSensativeEmail -->
  <testcase classname="login.Verify_Login_Scenario" name="verify_if_user_able_to_login_with_valid_credentials" time="6.718"/>
</testsuite> <!-- login.Verify_Login_Scenario -->
